<?xml version="1.0" encoding="UTF-8"?>
<testng-results ignored="0" total="1" passed="1" failed="0" skipped="0">
  <reporter-output>
  </reporter-output>
  <suite started-at="2023-07-14T21:07:43 IST" name="Suite" finished-at="2023-07-14T21:08:00 IST" duration-ms="16932">
    <groups>
    </groups>
    <test started-at="2023-07-14T21:07:43 IST" name="Test" finished-at="2023-07-14T21:08:00 IST" duration-ms="16932">
      <class name="com.aaa.demo.PracticeTest">
        <test-method is-config="true" signature="configuration()[pri:0, instance:com.aaa.demo.PracticeTest@4ac3c60d]" started-at="2023-07-14T21:07:43 IST" name="configuration" finished-at="2023-07-14T21:07:44 IST" duration-ms="1097" status="PASS">
          <reporter-output>
          </reporter-output>
        </test-method> <!-- configuration -->
        <test-method signature="testOne()[pri:0, instance:com.aaa.demo.PracticeTest@4ac3c60d]" started-at="2023-07-14T21:07:44 IST" name="testOne" finished-at="2023-07-14T21:07:58 IST" duration-ms="13971" status="PASS">
          <reporter-output>
          </reporter-output>
        </test-method> <!-- testOne -->
        <test-method is-config="true" signature="turnDown()[pri:0, instance:com.aaa.demo.PracticeTest@4ac3c60d]" started-at="2023-07-14T21:07:58 IST" name="turnDown" finished-at="2023-07-14T21:08:00 IST" duration-ms="1705" status="PASS">
          <reporter-output>
          </reporter-output>
        </test-method> <!-- turnDown -->
      </class> <!-- com.aaa.demo.PracticeTest -->
    </test> <!-- Test -->
  </suite> <!-- Suite -->
</testng-results>
