<?xml version="1.0" encoding="UTF-8"?>
<testng-results ignored="0" total="1" passed="1" failed="0" skipped="0">
  <reporter-output>
  </reporter-output>
  <suite started-at="2023-07-05T22:25:23 IST" name="Default suite" finished-at="2023-07-05T22:25:51 IST" duration-ms="27732">
    <groups>
    </groups>
    <test started-at="2023-07-05T22:25:23 IST" name="Default test" finished-at="2023-07-05T22:25:51 IST" duration-ms="27732">
      <class name="com.aaa.demo.PracticeTest">
        <test-method is-config="true" signature="configuration()[pri:0, instance:com.aaa.demo.PracticeTest@9f116cc]" started-at="2023-07-05T22:25:23 IST" name="configuration" finished-at="2023-07-05T22:25:25 IST" duration-ms="2065" status="PASS">
          <reporter-output>
          </reporter-output>
        </test-method> <!-- configuration -->
        <test-method signature="testOne()[pri:0, instance:com.aaa.demo.PracticeTest@9f116cc]" started-at="2023-07-05T22:25:25 IST" name="testOne" finished-at="2023-07-05T22:25:48 IST" duration-ms="23239" status="PASS">
          <reporter-output>
          </reporter-output>
        </test-method> <!-- testOne -->
        <test-method is-config="true" signature="turnDown()[pri:0, instance:com.aaa.demo.PracticeTest@9f116cc]" started-at="2023-07-05T22:25:48 IST" name="turnDown" finished-at="2023-07-05T22:25:51 IST" duration-ms="2214" status="PASS">
          <reporter-output>
          </reporter-output>
        </test-method> <!-- turnDown -->
      </class> <!-- com.aaa.demo.PracticeTest -->
    </test> <!-- Default test -->
  </suite> <!-- Default suite -->
</testng-results>
